<?xml version="1.0" encoding="UTF-8"?>
<testsuite name="NJWproject.vocabularyListWeb.book.BookRepositoryTest" tests="1" skipped="0" failures="0" errors="0" timestamp="2023-10-14T05:46:47" hostname="BOOK-L27NNUC33K" time="0.176">
  <properties/>
  <testcase name="bookRepositoryTest()" classname="NJWproject.vocabularyListWeb.book.BookRepositoryTest" time="0.176"/>
  <system-out><![CDATA[2023-10-14 14:46:47.193  INFO 18996 --- [    Test worker] .b.t.c.SpringBootTestContextBootstrapper : Neither @ContextConfiguration nor @ContextHierarchy found for test class [NJWproject.vocabularyListWeb.book.BookRepositoryTest], using SpringBootContextLoader
2023-10-14 14:46:47.194  INFO 18996 --- [    Test worker] o.s.t.c.support.AbstractContextLoader    : Could not detect default resource locations for test class [NJWproject.vocabularyListWeb.book.BookRepositoryTest]: no resource found for suffixes {-context.xml, Context.groovy}.
2023-10-14 14:46:47.194  INFO 18996 --- [    Test worker] t.c.s.AnnotationConfigContextLoaderUtils : Could not detect default configuration classes for test class [NJWproject.vocabularyListWeb.book.BookRepositoryTest]: BookRepositoryTest does not declare any static, non-private, non-final, nested classes annotated with @Configuration.
2023-10-14 14:46:47.204  INFO 18996 --- [    Test worker] .b.t.c.SpringBootTestContextBootstrapper : Found @SpringBootConfiguration NJWproject.vocabularyListWeb.VocabularyListWebApplication for test class NJWproject.vocabularyListWeb.book.BookRepositoryTest
2023-10-14 14:46:47.206  INFO 18996 --- [    Test worker] .b.t.c.SpringBootTestContextBootstrapper : Loaded default TestExecutionListener class names from location [META-INF/spring.factories]: [org.springframework.boot.test.autoconfigure.restdocs.RestDocsTestExecutionListener, org.springframework.boot.test.autoconfigure.web.client.MockRestServiceServerResetTestExecutionListener, org.springframework.boot.test.autoconfigure.web.servlet.MockMvcPrintOnlyOnFailureTestExecutionListener, org.springframework.boot.test.autoconfigure.web.servlet.WebDriverTestExecutionListener, org.springframework.boot.test.autoconfigure.webservices.client.MockWebServiceServerTestExecutionListener, org.springframework.boot.test.mock.mockito.MockitoTestExecutionListener, org.springframework.boot.test.mock.mockito.ResetMocksTestExecutionListener, org.springframework.test.context.web.ServletTestExecutionListener, org.springframework.test.context.support.DirtiesContextBeforeModesTestExecutionListener, org.springframework.test.context.event.ApplicationEventsTestExecutionListener, org.springframework.test.context.support.DependencyInjectionTestExecutionListener, org.springframework.test.context.support.DirtiesContextTestExecutionListener, org.springframework.test.context.transaction.TransactionalTestExecutionListener, org.springframework.test.context.jdbc.SqlScriptsTestExecutionListener, org.springframework.test.context.event.EventPublishingTestExecutionListener]
2023-10-14 14:46:47.206  INFO 18996 --- [    Test worker] .b.t.c.SpringBootTestContextBootstrapper : Using TestExecutionListeners: [org.springframework.test.context.web.ServletTestExecutionListener@cce92b5, org.springframework.test.context.support.DirtiesContextBeforeModesTestExecutionListener@2202c92f, org.springframework.test.context.event.ApplicationEventsTestExecutionListener@440d2d64, org.springframework.boot.test.mock.mockito.MockitoTestExecutionListener@1a712f12, org.springframework.boot.test.autoconfigure.SpringBootDependencyInjectionTestExecutionListener@62525dd3, org.springframework.test.context.support.DirtiesContextTestExecutionListener@56adbb07, org.springframework.test.context.transaction.TransactionalTestExecutionListener@7be6dabb, org.springframework.test.context.jdbc.SqlScriptsTestExecutionListener@68fc636a, org.springframework.test.context.event.EventPublishingTestExecutionListener@18301763, org.springframework.boot.test.autoconfigure.restdocs.RestDocsTestExecutionListener@237ee2e1, org.springframework.boot.test.autoconfigure.web.client.MockRestServiceServerResetTestExecutionListener@6e00d737, org.springframework.boot.test.autoconfigure.web.servlet.MockMvcPrintOnlyOnFailureTestExecutionListener@656c0eae, org.springframework.boot.test.autoconfigure.web.servlet.WebDriverTestExecutionListener@7d7f966f, org.springframework.boot.test.autoconfigure.webservices.client.MockWebServiceServerTestExecutionListener@29c21acb, org.springframework.boot.test.mock.mockito.ResetMocksTestExecutionListener@4113d9ab]
2023-10-14 14:46:47.268  INFO 18996 --- [    Test worker] o.s.t.c.transaction.TransactionContext   : Began transaction (1) for test context [DefaultTestContext@796e2187 testClass = BookRepositoryTest, testInstance = NJWproject.vocabularyListWeb.book.BookRepositoryTest@632d1b1b, testMethod = bookRepositoryTest@BookRepositoryTest, testException = [null], mergedContextConfiguration = [WebMergedContextConfiguration@3c2fa57a testClass = BookRepositoryTest, locations = '{}', classes = '{class NJWproject.vocabularyListWeb.VocabularyListWebApplication}', contextInitializerClasses = '[]', activeProfiles = '{}', propertySourceLocations = '{}', propertySourceProperties = '{org.springframework.boot.test.context.SpringBootTestContextBootstrapper=true}', contextCustomizers = set[org.springframework.boot.test.autoconfigure.actuate.metrics.MetricsExportContextCustomizerFactory$DisableMetricExportContextCustomizer@6fb365ed, org.springframework.boot.test.autoconfigure.properties.PropertyMappingContextCustomizer@0, org.springframework.boot.test.autoconfigure.web.servlet.WebDriverContextCustomizerFactory$Customizer@33fe57a9, org.springframework.boot.test.context.filter.ExcludeFilterContextCustomizer@512535ff, org.springframework.boot.test.json.DuplicateJsonObjectContextCustomizerFactory$DuplicateJsonObjectContextCustomizer@3f270e0a, org.springframework.boot.test.mock.mockito.MockitoContextCustomizer@0, org.springframework.boot.test.web.client.TestRestTemplateContextCustomizer@22875539, org.springframework.boot.test.context.SpringBootTestArgs@1, org.springframework.boot.test.context.SpringBootTestWebEnvironment@169e6180], resourceBasePath = 'src/main/webapp', contextLoader = 'org.springframework.boot.test.context.SpringBootContextLoader', parent = [null]], attributes = map['org.springframework.test.context.web.ServletTestExecutionListener.activateListener' -> true, 'org.springframework.test.context.web.ServletTestExecutionListener.populatedRequestContextHolder' -> true, 'org.springframework.test.context.web.ServletTestExecutionListener.resetRequestContextHolder' -> true, 'org.springframework.test.context.event.ApplicationEventsTestExecutionListener.recordApplicationEvents' -> false]]; transaction manager [org.springframework.orm.jpa.JpaTransactionManager@221cdd87]; rollback [true]
2023-10-14 14:46:47.388  INFO 18996 --- [    Test worker] o.s.t.c.transaction.TransactionContext   : Rolled back transaction for test: [DefaultTestContext@796e2187 testClass = BookRepositoryTest, testInstance = NJWproject.vocabularyListWeb.book.BookRepositoryTest@632d1b1b, testMethod = bookRepositoryTest@BookRepositoryTest, testException = [null], mergedContextConfiguration = [WebMergedContextConfiguration@3c2fa57a testClass = BookRepositoryTest, locations = '{}', classes = '{class NJWproject.vocabularyListWeb.VocabularyListWebApplication}', contextInitializerClasses = '[]', activeProfiles = '{}', propertySourceLocations = '{}', propertySourceProperties = '{org.springframework.boot.test.context.SpringBootTestContextBootstrapper=true}', contextCustomizers = set[org.springframework.boot.test.autoconfigure.actuate.metrics.MetricsExportContextCustomizerFactory$DisableMetricExportContextCustomizer@6fb365ed, org.springframework.boot.test.autoconfigure.properties.PropertyMappingContextCustomizer@0, org.springframework.boot.test.autoconfigure.web.servlet.WebDriverContextCustomizerFactory$Customizer@33fe57a9, org.springframework.boot.test.context.filter.ExcludeFilterContextCustomizer@512535ff, org.springframework.boot.test.json.DuplicateJsonObjectContextCustomizerFactory$DuplicateJsonObjectContextCustomizer@3f270e0a, org.springframework.boot.test.mock.mockito.MockitoContextCustomizer@0, org.springframework.boot.test.web.client.TestRestTemplateContextCustomizer@22875539, org.springframework.boot.test.context.SpringBootTestArgs@1, org.springframework.boot.test.context.SpringBootTestWebEnvironment@169e6180], resourceBasePath = 'src/main/webapp', contextLoader = 'org.springframework.boot.test.context.SpringBootContextLoader', parent = [null]], attributes = map['org.springframework.test.context.web.ServletTestExecutionListener.activateListener' -> true, 'org.springframework.test.context.web.ServletTestExecutionListener.populatedRequestContextHolder' -> true, 'org.springframework.test.context.web.ServletTestExecutionListener.resetRequestContextHolder' -> true, 'org.springframework.test.context.event.ApplicationEventsTestExecutionListener.recordApplicationEvents' -> false]]
]]></system-out>
  <system-err><![CDATA[]]></system-err>
</testsuite>
