<?xml version="1.0" encoding="UTF-8"?>
<testsuite name="NJWproject.vocabularyListWeb.member.MemberRepositoryTest" tests="1" skipped="0" failures="0" errors="0" timestamp="2023-10-14T05:46:47" hostname="BOOK-L27NNUC33K" time="0.017">
  <properties/>
  <testcase name="testMember()" classname="NJWproject.vocabularyListWeb.member.MemberRepositoryTest" time="0.017"/>
  <system-out><![CDATA[2023-10-14 14:46:47.391  INFO 18996 --- [    Test worker] .b.t.c.SpringBootTestContextBootstrapper : Neither @ContextConfiguration nor @ContextHierarchy found for test class [NJWproject.vocabularyListWeb.member.MemberRepositoryTest], using SpringBootContextLoader
2023-10-14 14:46:47.392  INFO 18996 --- [    Test worker] o.s.t.c.support.AbstractContextLoader    : Could not detect default resource locations for test class [NJWproject.vocabularyListWeb.member.MemberRepositoryTest]: no resource found for suffixes {-context.xml, Context.groovy}.
2023-10-14 14:46:47.392  INFO 18996 --- [    Test worker] t.c.s.AnnotationConfigContextLoaderUtils : Could not detect default configuration classes for test class [NJWproject.vocabularyListWeb.member.MemberRepositoryTest]: MemberRepositoryTest does not declare any static, non-private, non-final, nested classes annotated with @Configuration.
2023-10-14 14:46:47.399  INFO 18996 --- [    Test worker] .b.t.c.SpringBootTestContextBootstrapper : Found @SpringBootConfiguration NJWproject.vocabularyListWeb.VocabularyListWebApplication for test class NJWproject.vocabularyListWeb.member.MemberRepositoryTest
2023-10-14 14:46:47.401  INFO 18996 --- [    Test worker] .b.t.c.SpringBootTestContextBootstrapper : Loaded default TestExecutionListener class names from location [META-INF/spring.factories]: [org.springframework.boot.test.autoconfigure.restdocs.RestDocsTestExecutionListener, org.springframework.boot.test.autoconfigure.web.client.MockRestServiceServerResetTestExecutionListener, org.springframework.boot.test.autoconfigure.web.servlet.MockMvcPrintOnlyOnFailureTestExecutionListener, org.springframework.boot.test.autoconfigure.web.servlet.WebDriverTestExecutionListener, org.springframework.boot.test.autoconfigure.webservices.client.MockWebServiceServerTestExecutionListener, org.springframework.boot.test.mock.mockito.MockitoTestExecutionListener, org.springframework.boot.test.mock.mockito.ResetMocksTestExecutionListener, org.springframework.test.context.web.ServletTestExecutionListener, org.springframework.test.context.support.DirtiesContextBeforeModesTestExecutionListener, org.springframework.test.context.event.ApplicationEventsTestExecutionListener, org.springframework.test.context.support.DependencyInjectionTestExecutionListener, org.springframework.test.context.support.DirtiesContextTestExecutionListener, org.springframework.test.context.transaction.TransactionalTestExecutionListener, org.springframework.test.context.jdbc.SqlScriptsTestExecutionListener, org.springframework.test.context.event.EventPublishingTestExecutionListener]
2023-10-14 14:46:47.402  INFO 18996 --- [    Test worker] .b.t.c.SpringBootTestContextBootstrapper : Using TestExecutionListeners: [org.springframework.test.context.web.ServletTestExecutionListener@2dbf8cfc, org.springframework.test.context.support.DirtiesContextBeforeModesTestExecutionListener@26c1244c, org.springframework.test.context.event.ApplicationEventsTestExecutionListener@e76134d, org.springframework.boot.test.mock.mockito.MockitoTestExecutionListener@2a317af7, org.springframework.boot.test.autoconfigure.SpringBootDependencyInjectionTestExecutionListener@7b38db21, org.springframework.test.context.support.DirtiesContextTestExecutionListener@54f4734e, org.springframework.test.context.transaction.TransactionalTestExecutionListener@6a26eee6, org.springframework.test.context.jdbc.SqlScriptsTestExecutionListener@4be1c797, org.springframework.test.context.event.EventPublishingTestExecutionListener@76bdfc19, org.springframework.boot.test.autoconfigure.restdocs.RestDocsTestExecutionListener@1248f83, org.springframework.boot.test.autoconfigure.web.client.MockRestServiceServerResetTestExecutionListener@5c28009f, org.springframework.boot.test.autoconfigure.web.servlet.MockMvcPrintOnlyOnFailureTestExecutionListener@19b0a9f2, org.springframework.boot.test.autoconfigure.web.servlet.WebDriverTestExecutionListener@f4c3e9, org.springframework.boot.test.autoconfigure.webservices.client.MockWebServiceServerTestExecutionListener@25890ce3, org.springframework.boot.test.mock.mockito.ResetMocksTestExecutionListener@39b9dc35]
2023-10-14 14:46:47.410  INFO 18996 --- [    Test worker] o.s.t.c.transaction.TransactionContext   : Began transaction (1) for test context [DefaultTestContext@3976910 testClass = MemberRepositoryTest, testInstance = NJWproject.vocabularyListWeb.member.MemberRepositoryTest@6e149395, testMethod = testMember@MemberRepositoryTest, testException = [null], mergedContextConfiguration = [WebMergedContextConfiguration@19bbb216 testClass = MemberRepositoryTest, locations = '{}', classes = '{class NJWproject.vocabularyListWeb.VocabularyListWebApplication}', contextInitializerClasses = '[]', activeProfiles = '{}', propertySourceLocations = '{}', propertySourceProperties = '{org.springframework.boot.test.context.SpringBootTestContextBootstrapper=true}', contextCustomizers = set[org.springframework.boot.test.autoconfigure.actuate.metrics.MetricsExportContextCustomizerFactory$DisableMetricExportContextCustomizer@6fb365ed, org.springframework.boot.test.autoconfigure.properties.PropertyMappingContextCustomizer@0, org.springframework.boot.test.autoconfigure.web.servlet.WebDriverContextCustomizerFactory$Customizer@33fe57a9, org.springframework.boot.test.context.filter.ExcludeFilterContextCustomizer@512535ff, org.springframework.boot.test.json.DuplicateJsonObjectContextCustomizerFactory$DuplicateJsonObjectContextCustomizer@3f270e0a, org.springframework.boot.test.mock.mockito.MockitoContextCustomizer@0, org.springframework.boot.test.web.client.TestRestTemplateContextCustomizer@22875539, org.springframework.boot.test.context.SpringBootTestArgs@1, org.springframework.boot.test.context.SpringBootTestWebEnvironment@169e6180], resourceBasePath = 'src/main/webapp', contextLoader = 'org.springframework.boot.test.context.SpringBootContextLoader', parent = [null]], attributes = map['org.springframework.test.context.web.ServletTestExecutionListener.activateListener' -> true, 'org.springframework.test.context.web.ServletTestExecutionListener.populatedRequestContextHolder' -> true, 'org.springframework.test.context.web.ServletTestExecutionListener.resetRequestContextHolder' -> true, 'org.springframework.test.context.event.ApplicationEventsTestExecutionListener.recordApplicationEvents' -> false]]; transaction manager [org.springframework.orm.jpa.JpaTransactionManager@221cdd87]; rollback [true]
2023-10-14 14:46:47.424  INFO 18996 --- [    Test worker] o.s.t.c.transaction.TransactionContext   : Rolled back transaction for test: [DefaultTestContext@3976910 testClass = MemberRepositoryTest, testInstance = NJWproject.vocabularyListWeb.member.MemberRepositoryTest@6e149395, testMethod = testMember@MemberRepositoryTest, testException = [null], mergedContextConfiguration = [WebMergedContextConfiguration@19bbb216 testClass = MemberRepositoryTest, locations = '{}', classes = '{class NJWproject.vocabularyListWeb.VocabularyListWebApplication}', contextInitializerClasses = '[]', activeProfiles = '{}', propertySourceLocations = '{}', propertySourceProperties = '{org.springframework.boot.test.context.SpringBootTestContextBootstrapper=true}', contextCustomizers = set[org.springframework.boot.test.autoconfigure.actuate.metrics.MetricsExportContextCustomizerFactory$DisableMetricExportContextCustomizer@6fb365ed, org.springframework.boot.test.autoconfigure.properties.PropertyMappingContextCustomizer@0, org.springframework.boot.test.autoconfigure.web.servlet.WebDriverContextCustomizerFactory$Customizer@33fe57a9, org.springframework.boot.test.context.filter.ExcludeFilterContextCustomizer@512535ff, org.springframework.boot.test.json.DuplicateJsonObjectContextCustomizerFactory$DuplicateJsonObjectContextCustomizer@3f270e0a, org.springframework.boot.test.mock.mockito.MockitoContextCustomizer@0, org.springframework.boot.test.web.client.TestRestTemplateContextCustomizer@22875539, org.springframework.boot.test.context.SpringBootTestArgs@1, org.springframework.boot.test.context.SpringBootTestWebEnvironment@169e6180], resourceBasePath = 'src/main/webapp', contextLoader = 'org.springframework.boot.test.context.SpringBootContextLoader', parent = [null]], attributes = map['org.springframework.test.context.web.ServletTestExecutionListener.activateListener' -> true, 'org.springframework.test.context.web.ServletTestExecutionListener.populatedRequestContextHolder' -> true, 'org.springframework.test.context.web.ServletTestExecutionListener.resetRequestContextHolder' -> true, 'org.springframework.test.context.event.ApplicationEventsTestExecutionListener.recordApplicationEvents' -> false]]
]]></system-out>
  <system-err><![CDATA[]]></system-err>
</testsuite>
