<?xml version="1.0" encoding="UTF-8"?>
<testsuite name="NJWproject.vocabularyListWeb.VocabularyListWebApplicationTests" tests="1" skipped="0" failures="0" errors="0" timestamp="2023-10-14T05:46:46" hostname="BOOK-L27NNUC33K" time="0.223">
  <properties/>
  <testcase name="contextLoads()" classname="NJWproject.vocabularyListWeb.VocabularyListWebApplicationTests" time="0.223"/>
  <system-out><![CDATA[14:46:41.826 [Test worker] DEBUG org.springframework.test.context.BootstrapUtils - Instantiating CacheAwareContextLoaderDelegate from class [org.springframework.test.context.cache.DefaultCacheAwareContextLoaderDelegate]
14:46:41.840 [Test worker] DEBUG org.springframework.test.context.BootstrapUtils - Instantiating BootstrapContext using constructor [public org.springframework.test.context.support.DefaultBootstrapContext(java.lang.Class,org.springframework.test.context.CacheAwareContextLoaderDelegate)]
14:46:41.882 [Test worker] DEBUG org.springframework.test.context.BootstrapUtils - Instantiating TestContextBootstrapper for test class [NJWproject.vocabularyListWeb.VocabularyListWebApplicationTests] from class [org.springframework.boot.test.context.SpringBootTestContextBootstrapper]
14:46:41.898 [Test worker] INFO org.springframework.boot.test.context.SpringBootTestContextBootstrapper - Neither @ContextConfiguration nor @ContextHierarchy found for test class [NJWproject.vocabularyListWeb.VocabularyListWebApplicationTests], using SpringBootContextLoader
14:46:41.903 [Test worker] DEBUG org.springframework.test.context.support.AbstractContextLoader - Did not detect default resource location for test class [NJWproject.vocabularyListWeb.VocabularyListWebApplicationTests]: class path resource [NJWproject/vocabularyListWeb/VocabularyListWebApplicationTests-context.xml] does not exist
14:46:41.904 [Test worker] DEBUG org.springframework.test.context.support.AbstractContextLoader - Did not detect default resource location for test class [NJWproject.vocabularyListWeb.VocabularyListWebApplicationTests]: class path resource [NJWproject/vocabularyListWeb/VocabularyListWebApplicationTestsContext.groovy] does not exist
14:46:41.904 [Test worker] INFO org.springframework.test.context.support.AbstractContextLoader - Could not detect default resource locations for test class [NJWproject.vocabularyListWeb.VocabularyListWebApplicationTests]: no resource found for suffixes {-context.xml, Context.groovy}.
14:46:41.905 [Test worker] INFO org.springframework.test.context.support.AnnotationConfigContextLoaderUtils - Could not detect default configuration classes for test class [NJWproject.vocabularyListWeb.VocabularyListWebApplicationTests]: VocabularyListWebApplicationTests does not declare any static, non-private, non-final, nested classes annotated with @Configuration.
14:46:41.958 [Test worker] DEBUG org.springframework.test.context.support.ActiveProfilesUtils - Could not find an 'annotation declaring class' for annotation type [org.springframework.test.context.ActiveProfiles] and class [NJWproject.vocabularyListWeb.VocabularyListWebApplicationTests]
14:46:42.029 [Test worker] DEBUG org.springframework.context.annotation.ClassPathScanningCandidateComponentProvider - Identified candidate component class: file [C:\Users\jiwon\OneDrive\Desktop\vocabularyListWeb\vocabularyListWeb\build\classes\java\main\NJWproject\vocabularyListWeb\VocabularyListWebApplication.class]
14:46:42.030 [Test worker] INFO org.springframework.boot.test.context.SpringBootTestContextBootstrapper - Found @SpringBootConfiguration NJWproject.vocabularyListWeb.VocabularyListWebApplication for test class NJWproject.vocabularyListWeb.VocabularyListWebApplicationTests
14:46:42.161 [Test worker] DEBUG org.springframework.boot.test.context.SpringBootTestContextBootstrapper - @TestExecutionListeners is not present for class [NJWproject.vocabularyListWeb.VocabularyListWebApplicationTests]: using defaults.
14:46:42.162 [Test worker] INFO org.springframework.boot.test.context.SpringBootTestContextBootstrapper - Loaded default TestExecutionListener class names from location [META-INF/spring.factories]: [org.springframework.boot.test.autoconfigure.restdocs.RestDocsTestExecutionListener, org.springframework.boot.test.autoconfigure.web.client.MockRestServiceServerResetTestExecutionListener, org.springframework.boot.test.autoconfigure.web.servlet.MockMvcPrintOnlyOnFailureTestExecutionListener, org.springframework.boot.test.autoconfigure.web.servlet.WebDriverTestExecutionListener, org.springframework.boot.test.autoconfigure.webservices.client.MockWebServiceServerTestExecutionListener, org.springframework.boot.test.mock.mockito.MockitoTestExecutionListener, org.springframework.boot.test.mock.mockito.ResetMocksTestExecutionListener, org.springframework.test.context.web.ServletTestExecutionListener, org.springframework.test.context.support.DirtiesContextBeforeModesTestExecutionListener, org.springframework.test.context.event.ApplicationEventsTestExecutionListener, org.springframework.test.context.support.DependencyInjectionTestExecutionListener, org.springframework.test.context.support.DirtiesContextTestExecutionListener, org.springframework.test.context.transaction.TransactionalTestExecutionListener, org.springframework.test.context.jdbc.SqlScriptsTestExecutionListener, org.springframework.test.context.event.EventPublishingTestExecutionListener]
14:46:42.186 [Test worker] INFO org.springframework.boot.test.context.SpringBootTestContextBootstrapper - Using TestExecutionListeners: [org.springframework.test.context.web.ServletTestExecutionListener@52500920, org.springframework.test.context.support.DirtiesContextBeforeModesTestExecutionListener@117e0fe5, org.springframework.test.context.event.ApplicationEventsTestExecutionListener@18a3962d, org.springframework.boot.test.mock.mockito.MockitoTestExecutionListener@78aea4b9, org.springframework.boot.test.autoconfigure.SpringBootDependencyInjectionTestExecutionListener@2a65bb85, org.springframework.test.context.support.DirtiesContextTestExecutionListener@4b85880b, org.springframework.test.context.transaction.TransactionalTestExecutionListener@4f936da8, org.springframework.test.context.jdbc.SqlScriptsTestExecutionListener@4215838f, org.springframework.test.context.event.EventPublishingTestExecutionListener@452ba1db, org.springframework.boot.test.autoconfigure.restdocs.RestDocsTestExecutionListener@2289aca5, org.springframework.boot.test.autoconfigure.web.client.MockRestServiceServerResetTestExecutionListener@76a36b71, org.springframework.boot.test.autoconfigure.web.servlet.MockMvcPrintOnlyOnFailureTestExecutionListener@184497d1, org.springframework.boot.test.autoconfigure.web.servlet.WebDriverTestExecutionListener@f9d87b, org.springframework.boot.test.autoconfigure.webservices.client.MockWebServiceServerTestExecutionListener@6ffab045, org.springframework.boot.test.mock.mockito.ResetMocksTestExecutionListener@26fb628]
14:46:42.192 [Test worker] DEBUG org.springframework.test.context.support.AbstractDirtiesContextTestExecutionListener - Before test class: context [DefaultTestContext@60fa3495 testClass = VocabularyListWebApplicationTests, testInstance = [null], testMethod = [null], testException = [null], mergedContextConfiguration = [WebMergedContextConfiguration@3e2822 testClass = VocabularyListWebApplicationTests, locations = '{}', classes = '{class NJWproject.vocabularyListWeb.VocabularyListWebApplication}', contextInitializerClasses = '[]', activeProfiles = '{}', propertySourceLocations = '{}', propertySourceProperties = '{org.springframework.boot.test.context.SpringBootTestContextBootstrapper=true}', contextCustomizers = set[org.springframework.boot.test.autoconfigure.actuate.metrics.MetricsExportContextCustomizerFactory$DisableMetricExportContextCustomizer@6fb365ed, org.springframework.boot.test.autoconfigure.properties.PropertyMappingContextCustomizer@0, org.springframework.boot.test.autoconfigure.web.servlet.WebDriverContextCustomizerFactory$Customizer@33fe57a9, org.springframework.boot.test.context.filter.ExcludeFilterContextCustomizer@512535ff, org.springframework.boot.test.json.DuplicateJsonObjectContextCustomizerFactory$DuplicateJsonObjectContextCustomizer@3f270e0a, org.springframework.boot.test.mock.mockito.MockitoContextCustomizer@0, org.springframework.boot.test.web.client.TestRestTemplateContextCustomizer@22875539, org.springframework.boot.test.context.SpringBootTestArgs@1, org.springframework.boot.test.context.SpringBootTestWebEnvironment@169e6180], resourceBasePath = 'src/main/webapp', contextLoader = 'org.springframework.boot.test.context.SpringBootContextLoader', parent = [null]], attributes = map['org.springframework.test.context.web.ServletTestExecutionListener.activateListener' -> true]], class annotated with @DirtiesContext [false] with mode [null].

  .   ____          _            __ _ _
 /\\ / ___'_ __ _ _(_)_ __  __ _ \ \ \ \
( ( )\___ | '_ | '_| | '_ \/ _` | \ \ \ \
 \\/  ___)| |_)| | | | | || (_| |  ) ) ) )
  '  |____| .__|_| |_|_| |_\__, | / / / /
 =========|_|==============|___/=/_/_/_/
 :: Spring Boot ::               (v2.7.15)

2023-10-14 14:46:42.660  INFO 18996 --- [    Test worker] N.v.VocabularyListWebApplicationTests    : Starting VocabularyListWebApplicationTests using Java 19.0.2 on BOOK-L27NNUC33K with PID 18996 (started by jiwon in C:\Users\jiwon\OneDrive\Desktop\vocabularyListWeb\vocabularyListWeb)
2023-10-14 14:46:42.664  INFO 18996 --- [    Test worker] N.v.VocabularyListWebApplicationTests    : No active profile set, falling back to 1 default profile: "default"
2023-10-14 14:46:43.382  INFO 18996 --- [    Test worker] .s.d.r.c.RepositoryConfigurationDelegate : Bootstrapping Spring Data JPA repositories in DEFAULT mode.
2023-10-14 14:46:43.401  INFO 18996 --- [    Test worker] .s.d.r.c.RepositoryConfigurationDelegate : Finished Spring Data repository scanning in 7 ms. Found 0 JPA repository interfaces.
2023-10-14 14:46:44.064  INFO 18996 --- [    Test worker] o.hibernate.jpa.internal.util.LogHelper  : HHH000204: Processing PersistenceUnitInfo [name: default]
2023-10-14 14:46:44.133  INFO 18996 --- [    Test worker] org.hibernate.Version                    : HHH000412: Hibernate ORM core version 5.6.15.Final
2023-10-14 14:46:44.334  INFO 18996 --- [    Test worker] o.hibernate.annotations.common.Version   : HCANN000001: Hibernate Commons Annotations {5.1.2.Final}
2023-10-14 14:46:44.481  INFO 18996 --- [    Test worker] com.zaxxer.hikari.HikariDataSource       : HikariPool-1 - Starting...
2023-10-14 14:46:44.651  INFO 18996 --- [    Test worker] com.zaxxer.hikari.HikariDataSource       : HikariPool-1 - Start completed.
2023-10-14 14:46:44.697  INFO 18996 --- [    Test worker] org.hibernate.dialect.Dialect            : HHH000400: Using dialect: org.hibernate.dialect.MariaDB106Dialect
2023-10-14 14:46:45.554  INFO 18996 --- [    Test worker] o.h.e.t.j.p.i.JtaPlatformInitiator       : HHH000490: Using JtaPlatform implementation: [org.hibernate.engine.transaction.jta.platform.internal.NoJtaPlatform]
2023-10-14 14:46:45.563  INFO 18996 --- [    Test worker] j.LocalContainerEntityManagerFactoryBean : Initialized JPA EntityManagerFactory for persistence unit 'default'
2023-10-14 14:46:46.026  WARN 18996 --- [    Test worker] JpaBaseConfiguration$JpaWebConfiguration : spring.jpa.open-in-view is enabled by default. Therefore, database queries may be performed during view rendering. Explicitly configure spring.jpa.open-in-view to disable this warning
2023-10-14 14:46:46.932  INFO 18996 --- [    Test worker] N.v.VocabularyListWebApplicationTests    : Started VocabularyListWebApplicationTests in 4.685 seconds (JVM running for 6.373)
]]></system-out>
  <system-err><![CDATA[]]></system-err>
</testsuite>
