<?xml version="1.0" encoding="UTF-8"?>
<testsuite name="NJWproject.vocabularyListWeb.vocabulary.VocabularyRepositoryTest" tests="2" skipped="0" failures="0" errors="0" timestamp="2023-10-14T05:46:47" hostname="BOOK-L27NNUC33K" time="0.022">
  <properties/>
  <testcase name="vocabularyRepositoryTest()" classname="NJWproject.vocabularyListWeb.vocabulary.VocabularyRepositoryTest" time="0.015"/>
  <testcase name="vocabularyPageTest()" classname="NJWproject.vocabularyListWeb.vocabulary.VocabularyRepositoryTest" time="0.006"/>
  <system-out><![CDATA[2023-10-14 14:46:47.428  INFO 18996 --- [    Test worker] .b.t.c.SpringBootTestContextBootstrapper : Neither @ContextConfiguration nor @ContextHierarchy found for test class [NJWproject.vocabularyListWeb.vocabulary.VocabularyRepositoryTest], using SpringBootContextLoader
2023-10-14 14:46:47.430  INFO 18996 --- [    Test worker] o.s.t.c.support.AbstractContextLoader    : Could not detect default resource locations for test class [NJWproject.vocabularyListWeb.vocabulary.VocabularyRepositoryTest]: no resource found for suffixes {-context.xml, Context.groovy}.
2023-10-14 14:46:47.430  INFO 18996 --- [    Test worker] t.c.s.AnnotationConfigContextLoaderUtils : Could not detect default configuration classes for test class [NJWproject.vocabularyListWeb.vocabulary.VocabularyRepositoryTest]: VocabularyRepositoryTest does not declare any static, non-private, non-final, nested classes annotated with @Configuration.
2023-10-14 14:46:47.439  INFO 18996 --- [    Test worker] .b.t.c.SpringBootTestContextBootstrapper : Found @SpringBootConfiguration NJWproject.vocabularyListWeb.VocabularyListWebApplication for test class NJWproject.vocabularyListWeb.vocabulary.VocabularyRepositoryTest
2023-10-14 14:46:47.441  INFO 18996 --- [    Test worker] .b.t.c.SpringBootTestContextBootstrapper : Loaded default TestExecutionListener class names from location [META-INF/spring.factories]: [org.springframework.boot.test.autoconfigure.restdocs.RestDocsTestExecutionListener, org.springframework.boot.test.autoconfigure.web.client.MockRestServiceServerResetTestExecutionListener, org.springframework.boot.test.autoconfigure.web.servlet.MockMvcPrintOnlyOnFailureTestExecutionListener, org.springframework.boot.test.autoconfigure.web.servlet.WebDriverTestExecutionListener, org.springframework.boot.test.autoconfigure.webservices.client.MockWebServiceServerTestExecutionListener, org.springframework.boot.test.mock.mockito.MockitoTestExecutionListener, org.springframework.boot.test.mock.mockito.ResetMocksTestExecutionListener, org.springframework.test.context.web.ServletTestExecutionListener, org.springframework.test.context.support.DirtiesContextBeforeModesTestExecutionListener, org.springframework.test.context.event.ApplicationEventsTestExecutionListener, org.springframework.test.context.support.DependencyInjectionTestExecutionListener, org.springframework.test.context.support.DirtiesContextTestExecutionListener, org.springframework.test.context.transaction.TransactionalTestExecutionListener, org.springframework.test.context.jdbc.SqlScriptsTestExecutionListener, org.springframework.test.context.event.EventPublishingTestExecutionListener]
2023-10-14 14:46:47.441  INFO 18996 --- [    Test worker] .b.t.c.SpringBootTestContextBootstrapper : Using TestExecutionListeners: [org.springframework.test.context.web.ServletTestExecutionListener@5feaafb3, org.springframework.test.context.support.DirtiesContextBeforeModesTestExecutionListener@20a46227, org.springframework.test.context.event.ApplicationEventsTestExecutionListener@669469c9, org.springframework.boot.test.mock.mockito.MockitoTestExecutionListener@7f39ad3f, org.springframework.boot.test.autoconfigure.SpringBootDependencyInjectionTestExecutionListener@7524125c, org.springframework.test.context.support.DirtiesContextTestExecutionListener@7612f385, org.springframework.test.context.transaction.TransactionalTestExecutionListener@330d16af, org.springframework.test.context.jdbc.SqlScriptsTestExecutionListener@16f15a4, org.springframework.test.context.event.EventPublishingTestExecutionListener@548c5127, org.springframework.boot.test.autoconfigure.restdocs.RestDocsTestExecutionListener@35630ee8, org.springframework.boot.test.autoconfigure.web.client.MockRestServiceServerResetTestExecutionListener@6e80de85, org.springframework.boot.test.autoconfigure.web.servlet.MockMvcPrintOnlyOnFailureTestExecutionListener@173b24c4, org.springframework.boot.test.autoconfigure.web.servlet.WebDriverTestExecutionListener@21084a6d, org.springframework.boot.test.autoconfigure.webservices.client.MockWebServiceServerTestExecutionListener@c3114ea, org.springframework.boot.test.mock.mockito.ResetMocksTestExecutionListener@642d971f]
2023-10-14 14:46:47.447  INFO 18996 --- [    Test worker] o.s.t.c.transaction.TransactionContext   : Began transaction (1) for test context [DefaultTestContext@9a74a93 testClass = VocabularyRepositoryTest, testInstance = NJWproject.vocabularyListWeb.vocabulary.VocabularyRepositoryTest@255d4d7, testMethod = vocabularyRepositoryTest@VocabularyRepositoryTest, testException = [null], mergedContextConfiguration = [WebMergedContextConfiguration@426bf2f2 testClass = VocabularyRepositoryTest, locations = '{}', classes = '{class NJWproject.vocabularyListWeb.VocabularyListWebApplication}', contextInitializerClasses = '[]', activeProfiles = '{}', propertySourceLocations = '{}', propertySourceProperties = '{org.springframework.boot.test.context.SpringBootTestContextBootstrapper=true}', contextCustomizers = set[org.springframework.boot.test.autoconfigure.actuate.metrics.MetricsExportContextCustomizerFactory$DisableMetricExportContextCustomizer@6fb365ed, org.springframework.boot.test.autoconfigure.properties.PropertyMappingContextCustomizer@0, org.springframework.boot.test.autoconfigure.web.servlet.WebDriverContextCustomizerFactory$Customizer@33fe57a9, org.springframework.boot.test.context.filter.ExcludeFilterContextCustomizer@512535ff, org.springframework.boot.test.json.DuplicateJsonObjectContextCustomizerFactory$DuplicateJsonObjectContextCustomizer@3f270e0a, org.springframework.boot.test.mock.mockito.MockitoContextCustomizer@0, org.springframework.boot.test.web.client.TestRestTemplateContextCustomizer@22875539, org.springframework.boot.test.context.SpringBootTestArgs@1, org.springframework.boot.test.context.SpringBootTestWebEnvironment@169e6180], resourceBasePath = 'src/main/webapp', contextLoader = 'org.springframework.boot.test.context.SpringBootContextLoader', parent = [null]], attributes = map['org.springframework.test.context.web.ServletTestExecutionListener.activateListener' -> true, 'org.springframework.test.context.web.ServletTestExecutionListener.populatedRequestContextHolder' -> true, 'org.springframework.test.context.web.ServletTestExecutionListener.resetRequestContextHolder' -> true, 'org.springframework.test.context.event.ApplicationEventsTestExecutionListener.recordApplicationEvents' -> false]]; transaction manager [org.springframework.orm.jpa.JpaTransactionManager@221cdd87]; rollback [true]
2023-10-14 14:46:47.460  INFO 18996 --- [    Test worker] o.s.t.c.transaction.TransactionContext   : Rolled back transaction for test: [DefaultTestContext@9a74a93 testClass = VocabularyRepositoryTest, testInstance = NJWproject.vocabularyListWeb.vocabulary.VocabularyRepositoryTest@255d4d7, testMethod = vocabularyRepositoryTest@VocabularyRepositoryTest, testException = [null], mergedContextConfiguration = [WebMergedContextConfiguration@426bf2f2 testClass = VocabularyRepositoryTest, locations = '{}', classes = '{class NJWproject.vocabularyListWeb.VocabularyListWebApplication}', contextInitializerClasses = '[]', activeProfiles = '{}', propertySourceLocations = '{}', propertySourceProperties = '{org.springframework.boot.test.context.SpringBootTestContextBootstrapper=true}', contextCustomizers = set[org.springframework.boot.test.autoconfigure.actuate.metrics.MetricsExportContextCustomizerFactory$DisableMetricExportContextCustomizer@6fb365ed, org.springframework.boot.test.autoconfigure.properties.PropertyMappingContextCustomizer@0, org.springframework.boot.test.autoconfigure.web.servlet.WebDriverContextCustomizerFactory$Customizer@33fe57a9, org.springframework.boot.test.context.filter.ExcludeFilterContextCustomizer@512535ff, org.springframework.boot.test.json.DuplicateJsonObjectContextCustomizerFactory$DuplicateJsonObjectContextCustomizer@3f270e0a, org.springframework.boot.test.mock.mockito.MockitoContextCustomizer@0, org.springframework.boot.test.web.client.TestRestTemplateContextCustomizer@22875539, org.springframework.boot.test.context.SpringBootTestArgs@1, org.springframework.boot.test.context.SpringBootTestWebEnvironment@169e6180], resourceBasePath = 'src/main/webapp', contextLoader = 'org.springframework.boot.test.context.SpringBootContextLoader', parent = [null]], attributes = map['org.springframework.test.context.web.ServletTestExecutionListener.activateListener' -> true, 'org.springframework.test.context.web.ServletTestExecutionListener.populatedRequestContextHolder' -> true, 'org.springframework.test.context.web.ServletTestExecutionListener.resetRequestContextHolder' -> true, 'org.springframework.test.context.event.ApplicationEventsTestExecutionListener.recordApplicationEvents' -> false]]
2023-10-14 14:46:47.463  INFO 18996 --- [    Test worker] o.s.t.c.transaction.TransactionContext   : Began transaction (1) for test context [DefaultTestContext@9a74a93 testClass = VocabularyRepositoryTest, testInstance = NJWproject.vocabularyListWeb.vocabulary.VocabularyRepositoryTest@752180c4, testMethod = vocabularyPageTest@VocabularyRepositoryTest, testException = [null], mergedContextConfiguration = [WebMergedContextConfiguration@426bf2f2 testClass = VocabularyRepositoryTest, locations = '{}', classes = '{class NJWproject.vocabularyListWeb.VocabularyListWebApplication}', contextInitializerClasses = '[]', activeProfiles = '{}', propertySourceLocations = '{}', propertySourceProperties = '{org.springframework.boot.test.context.SpringBootTestContextBootstrapper=true}', contextCustomizers = set[org.springframework.boot.test.autoconfigure.actuate.metrics.MetricsExportContextCustomizerFactory$DisableMetricExportContextCustomizer@6fb365ed, org.springframework.boot.test.autoconfigure.properties.PropertyMappingContextCustomizer@0, org.springframework.boot.test.autoconfigure.web.servlet.WebDriverContextCustomizerFactory$Customizer@33fe57a9, org.springframework.boot.test.context.filter.ExcludeFilterContextCustomizer@512535ff, org.springframework.boot.test.json.DuplicateJsonObjectContextCustomizerFactory$DuplicateJsonObjectContextCustomizer@3f270e0a, org.springframework.boot.test.mock.mockito.MockitoContextCustomizer@0, org.springframework.boot.test.web.client.TestRestTemplateContextCustomizer@22875539, org.springframework.boot.test.context.SpringBootTestArgs@1, org.springframework.boot.test.context.SpringBootTestWebEnvironment@169e6180], resourceBasePath = 'src/main/webapp', contextLoader = 'org.springframework.boot.test.context.SpringBootContextLoader', parent = [null]], attributes = map['org.springframework.test.context.web.ServletTestExecutionListener.activateListener' -> true, 'org.springframework.test.context.web.ServletTestExecutionListener.populatedRequestContextHolder' -> true, 'org.springframework.test.context.web.ServletTestExecutionListener.resetRequestContextHolder' -> true, 'org.springframework.test.context.event.ApplicationEventsTestExecutionListener.recordApplicationEvents' -> false]]; transaction manager [org.springframework.orm.jpa.JpaTransactionManager@221cdd87]; rollback [true]
2023-10-14 14:46:47.467  INFO 18996 --- [    Test worker] o.s.t.c.transaction.TransactionContext   : Rolled back transaction for test: [DefaultTestContext@9a74a93 testClass = VocabularyRepositoryTest, testInstance = NJWproject.vocabularyListWeb.vocabulary.VocabularyRepositoryTest@752180c4, testMethod = vocabularyPageTest@VocabularyRepositoryTest, testException = [null], mergedContextConfiguration = [WebMergedContextConfiguration@426bf2f2 testClass = VocabularyRepositoryTest, locations = '{}', classes = '{class NJWproject.vocabularyListWeb.VocabularyListWebApplication}', contextInitializerClasses = '[]', activeProfiles = '{}', propertySourceLocations = '{}', propertySourceProperties = '{org.springframework.boot.test.context.SpringBootTestContextBootstrapper=true}', contextCustomizers = set[org.springframework.boot.test.autoconfigure.actuate.metrics.MetricsExportContextCustomizerFactory$DisableMetricExportContextCustomizer@6fb365ed, org.springframework.boot.test.autoconfigure.properties.PropertyMappingContextCustomizer@0, org.springframework.boot.test.autoconfigure.web.servlet.WebDriverContextCustomizerFactory$Customizer@33fe57a9, org.springframework.boot.test.context.filter.ExcludeFilterContextCustomizer@512535ff, org.springframework.boot.test.json.DuplicateJsonObjectContextCustomizerFactory$DuplicateJsonObjectContextCustomizer@3f270e0a, org.springframework.boot.test.mock.mockito.MockitoContextCustomizer@0, org.springframework.boot.test.web.client.TestRestTemplateContextCustomizer@22875539, org.springframework.boot.test.context.SpringBootTestArgs@1, org.springframework.boot.test.context.SpringBootTestWebEnvironment@169e6180], resourceBasePath = 'src/main/webapp', contextLoader = 'org.springframework.boot.test.context.SpringBootContextLoader', parent = [null]], attributes = map['org.springframework.test.context.web.ServletTestExecutionListener.activateListener' -> true, 'org.springframework.test.context.web.ServletTestExecutionListener.populatedRequestContextHolder' -> true, 'org.springframework.test.context.web.ServletTestExecutionListener.resetRequestContextHolder' -> true, 'org.springframework.test.context.event.ApplicationEventsTestExecutionListener.recordApplicationEvents' -> false]]
]]></system-out>
  <system-err><![CDATA[]]></system-err>
</testsuite>
